<?xml version="1.0" encoding="UTF-8"?>
<!-- Generated by org.testng.reporters.JUnitReportReporter -->
<testsuite skipped="0" hostname="ip-172-31-2-140" name="Test.Groups" tests="3" failures="0" timestamp="2021-02-19T07:26:44 UTC" time="0.009" errors="0">
  <testcase name="method1" time="0.007" classname="Test.Groups"/>
  <system-out/>
  <testcase name="method3" time="0.001" classname="Test.Groups"/>
  <system-out/>
  <testcase name="method2" time="0.001" classname="Test.Groups"/>
  <system-out/>
</testsuite> <!-- Test.Groups -->
