<?xml version="1.0" encoding="UTF-8"?>
<!-- Generated by org.testng.reporters.JUnitReportReporter -->
<testsuite skipped="0" hostname="ip-172-31-2-140" name="Test.Dataprovider" tests="2" failures="0" timestamp="2021-02-22T05:49:58 UTC" time="0.010" errors="0">
  <testcase name="additiontest" time="0.008" classname="Test.Dataprovider"/>
  <system-out/>
  <testcase name="additiontest" time="0.002" classname="Test.Dataprovider"/>
  <system-out/>
</testsuite> <!-- Test.Dataprovider -->
