<?xml version="1.0" encoding="UTF-8"?>
<!-- Generated by org.testng.reporters.JUnitReportReporter -->
<testsuite skipped="0" hostname="ip-172-31-2-140" name="Test.Testcase1" tests="1" failures="0" timestamp="2021-02-19T07:09:03 UTC" time="0.006" errors="0">
  <testcase name="method3" time="0.006" classname="Test.Testcase1"/>
  <system-out/>
</testsuite> <!-- Test.Testcase1 -->
