<?xml version="1.0" encoding="UTF-8"?>
<!-- Generated by org.testng.reporters.JUnitReportReporter -->
<testsuite skipped="0" hostname="ip-172-31-2-140" name="Test.ParamEx" tests="1" failures="0" timestamp="2021-02-22T04:02:06 UTC" time="0.009" errors="0">
  <testcase name="parn" time="0.009" classname="Test.ParamEx"/>
  <system-out/>
</testsuite> <!-- Test.ParamEx -->
